0 info it worked if it ends with ok
1 verbose cli [ 'node', '/usr/local/bin/npm', 'install' ]
2 info using npm@1.4.28
3 info using node@v0.10.33
4 verbose readDependencies using package.json deps
5 verbose install where, deps [ '/Users/JamilAmmar/Desktop/MEAN-Stack',
5 verbose install   [ 'body-parser',
5 verbose install     'cookie-parser',
5 verbose install     'debug',
5 verbose install     'express',
5 verbose install     'hbs',
5 verbose install     'morgan',
5 verbose install     'mongodb',
5 verbose install     'monk' ] ]
6 info preinstall MEAN-Stack@0.0.0
7 verbose readDependencies using package.json deps
8 verbose already installed skipping body-parser@~1.12.4 /Users/JamilAmmar/Desktop/MEAN-Stack
9 verbose already installed skipping cookie-parser@~1.3.5 /Users/JamilAmmar/Desktop/MEAN-Stack
10 verbose already installed skipping debug@~2.2.0 /Users/JamilAmmar/Desktop/MEAN-Stack
11 verbose already installed skipping express@~4.12.4 /Users/JamilAmmar/Desktop/MEAN-Stack
12 verbose already installed skipping hbs@~2.9.0 /Users/JamilAmmar/Desktop/MEAN-Stack
13 verbose already installed skipping morgan@~1.5.3 /Users/JamilAmmar/Desktop/MEAN-Stack
14 verbose cache add [ 'mongodb@~2.0.33', null ]
15 verbose cache add name=undefined spec="mongodb@~2.0.33" args=["mongodb@~2.0.33",null]
16 verbose parsed url { protocol: null,
16 verbose parsed url   slashes: null,
16 verbose parsed url   auth: null,
16 verbose parsed url   host: null,
16 verbose parsed url   port: null,
16 verbose parsed url   hostname: null,
16 verbose parsed url   hash: null,
16 verbose parsed url   search: null,
16 verbose parsed url   query: null,
16 verbose parsed url   pathname: 'mongodb@~2.0.33',
16 verbose parsed url   path: 'mongodb@~2.0.33',
16 verbose parsed url   href: 'mongodb@~2.0.33' }
17 verbose cache add [ 'monk@~1.0.1', null ]
18 verbose cache add name=undefined spec="monk@~1.0.1" args=["monk@~1.0.1",null]
19 verbose parsed url { protocol: null,
19 verbose parsed url   slashes: null,
19 verbose parsed url   auth: null,
19 verbose parsed url   host: null,
19 verbose parsed url   port: null,
19 verbose parsed url   hostname: null,
19 verbose parsed url   hash: null,
19 verbose parsed url   search: null,
19 verbose parsed url   query: null,
19 verbose parsed url   pathname: 'monk@~1.0.1',
19 verbose parsed url   path: 'monk@~1.0.1',
19 verbose parsed url   href: 'monk@~1.0.1' }
20 verbose cache add name="mongodb" spec="~2.0.33" args=["mongodb","~2.0.33"]
21 verbose parsed url { protocol: null,
21 verbose parsed url   slashes: null,
21 verbose parsed url   auth: null,
21 verbose parsed url   host: null,
21 verbose parsed url   port: null,
21 verbose parsed url   hostname: null,
21 verbose parsed url   hash: null,
21 verbose parsed url   search: null,
21 verbose parsed url   query: null,
21 verbose parsed url   pathname: '~2.0.33',
21 verbose parsed url   path: '~2.0.33',
21 verbose parsed url   href: '~2.0.33' }
22 verbose addNamed [ 'mongodb', '~2.0.33' ]
23 verbose addNamed [ null, '>=2.0.33-0 <2.1.0-0' ]
24 verbose cache add name="monk" spec="~1.0.1" args=["monk","~1.0.1"]
25 verbose parsed url { protocol: null,
25 verbose parsed url   slashes: null,
25 verbose parsed url   auth: null,
25 verbose parsed url   host: null,
25 verbose parsed url   port: null,
25 verbose parsed url   hostname: null,
25 verbose parsed url   hash: null,
25 verbose parsed url   search: null,
25 verbose parsed url   query: null,
25 verbose parsed url   pathname: '~1.0.1',
25 verbose parsed url   path: '~1.0.1',
25 verbose parsed url   href: '~1.0.1' }
26 verbose addNamed [ 'monk', '~1.0.1' ]
27 verbose addNamed [ null, '>=1.0.1-0 <1.1.0-0' ]
28 silly lockFile baf2b0cf-mongodb-2-0-33 mongodb@~2.0.33
29 verbose lock mongodb@~2.0.33 /Users/JamilAmmar/.npm/baf2b0cf-mongodb-2-0-33.lock
30 silly lockFile a1eaadbe-monk-1-0-1 monk@~1.0.1
31 verbose lock monk@~1.0.1 /Users/JamilAmmar/.npm/a1eaadbe-monk-1-0-1.lock
32 silly addNameRange { name: 'monk', range: '>=1.0.1-0 <1.1.0-0', hasData: false }
33 silly addNameRange { name: 'mongodb', range: '>=2.0.33-0 <2.1.0-0', hasData: false }
34 verbose request where is /monk
35 verbose request registry https://registry.npmjs.org/
36 verbose request id 9c20f206a582e765
37 verbose url raw /monk
38 verbose url resolving [ 'https://registry.npmjs.org/', './monk' ]
39 verbose url resolved https://registry.npmjs.org/monk
40 verbose request where is https://registry.npmjs.org/monk
41 info trying registry request attempt 1 at 19:31:09
42 http GET https://registry.npmjs.org/monk
43 verbose request where is /mongodb
44 verbose request registry https://registry.npmjs.org/
45 verbose url raw /mongodb
46 verbose url resolving [ 'https://registry.npmjs.org/', './mongodb' ]
47 verbose url resolved https://registry.npmjs.org/mongodb
48 verbose request where is https://registry.npmjs.org/mongodb
49 info trying registry request attempt 1 at 19:31:09
50 verbose etag "7ZO8X69521ZY1KFK3PYUIZD5B"
51 http GET https://registry.npmjs.org/mongodb
52 http 200 https://registry.npmjs.org/monk
53 silly registry.get cb [ 200,
53 silly registry.get   { server: 'CouchDB/1.5.0 (Erlang OTP/R16B03)',
53 silly registry.get     etag: '"5SEI7K748LWO8XSIT7E1QD1TX"',
53 silly registry.get     'content-type': 'application/json',
53 silly registry.get     'cache-control': 'max-age=60',
53 silly registry.get     'content-length': '28445',
53 silly registry.get     'accept-ranges': 'bytes',
53 silly registry.get     date: 'Thu, 02 Jul 2015 02:31:09 GMT',
53 silly registry.get     via: '1.1 varnish',
53 silly registry.get     age: '0',
53 silly registry.get     connection: 'keep-alive',
53 silly registry.get     'x-served-by': 'cache-lax1421-LAX',
53 silly registry.get     'x-cache': 'MISS',
53 silly registry.get     'x-cache-hits': '0',
53 silly registry.get     'x-timer': 'S1435804269.610364,VS0,VE187',
53 silly registry.get     vary: 'Accept' } ]
54 silly addNameRange number 2 { name: 'monk', range: '>=1.0.1-0 <1.1.0-0', hasData: true }
55 silly addNameRange versions [ 'monk',
55 silly addNameRange   [ '0.1.0',
55 silly addNameRange     '0.1.2',
55 silly addNameRange     '0.1.3',
55 silly addNameRange     '0.1.4',
55 silly addNameRange     '0.1.5',
55 silly addNameRange     '0.1.6',
55 silly addNameRange     '0.1.7',
55 silly addNameRange     '0.1.8',
55 silly addNameRange     '0.1.9',
55 silly addNameRange     '0.1.10',
55 silly addNameRange     '0.1.11',
55 silly addNameRange     '0.1.12',
55 silly addNameRange     '0.1.13',
55 silly addNameRange     '0.1.14',
55 silly addNameRange     '0.1.15',
55 silly addNameRange     '0.2.0',
55 silly addNameRange     '0.2.1',
55 silly addNameRange     '0.3.0',
55 silly addNameRange     '0.4.0',
55 silly addNameRange     '0.5.0',
55 silly addNameRange     '0.6.0',
55 silly addNameRange     '0.7.0',
55 silly addNameRange     '0.7.1',
55 silly addNameRange     '0.8.0',
55 silly addNameRange     '0.8.1',
55 silly addNameRange     '0.9.0',
55 silly addNameRange     '0.9.1',
55 silly addNameRange     '1.0.0',
55 silly addNameRange     '1.0.1' ] ]
56 verbose addNamed [ 'monk', '1.0.1' ]
57 verbose addNamed [ '1.0.1', '1.0.1' ]
58 silly lockFile 6ea192be-monk-1-0-1 monk@1.0.1
59 verbose lock monk@1.0.1 /Users/JamilAmmar/.npm/6ea192be-monk-1-0-1.lock
60 silly lockFile ab0349b4-ry-npmjs-org-monk-monk-1-0-1-tgz https://registry.npmjs.org/monk/-/monk-1.0.1.tgz
61 verbose lock https://registry.npmjs.org/monk/-/monk-1.0.1.tgz /Users/JamilAmmar/.npm/ab0349b4-ry-npmjs-org-monk-monk-1-0-1-tgz.lock
62 verbose addRemoteTarball [ 'https://registry.npmjs.org/monk/-/monk-1.0.1.tgz',
62 verbose addRemoteTarball   '56ad6623b5790fec4a5a69071fee7e75a2affac4' ]
63 info retry fetch attempt 1 at 19:31:09
64 verbose fetch to= /var/folders/y5/qyfhl6g51r126j9syd3s2pr40000gn/T/npm-75295-EUePY7fP/registry.npmjs.org/monk/-/monk-1.0.1.tgz
65 http GET https://registry.npmjs.org/monk/-/monk-1.0.1.tgz
66 http 200 https://registry.npmjs.org/monk/-/monk-1.0.1.tgz
67 silly lockFile ab0349b4-ry-npmjs-org-monk-monk-1-0-1-tgz https://registry.npmjs.org/monk/-/monk-1.0.1.tgz
68 silly lockFile ab0349b4-ry-npmjs-org-monk-monk-1-0-1-tgz https://registry.npmjs.org/monk/-/monk-1.0.1.tgz
69 silly lockFile 6ea192be-monk-1-0-1 monk@1.0.1
70 silly lockFile 6ea192be-monk-1-0-1 monk@1.0.1
71 silly lockFile a1eaadbe-monk-1-0-1 monk@~1.0.1
72 silly lockFile a1eaadbe-monk-1-0-1 monk@~1.0.1
73 http 200 https://registry.npmjs.org/mongodb
74 silly registry.get cb [ 200,
74 silly registry.get   { server: 'CouchDB/1.5.0 (Erlang OTP/R16B03)',
74 silly registry.get     etag: '"AON3KVQ07DG2M8XPHEVO808OC"',
74 silly registry.get     'content-type': 'application/json',
74 silly registry.get     'cache-control': 'max-age=60',
74 silly registry.get     'content-length': '463061',
74 silly registry.get     'accept-ranges': 'bytes',
74 silly registry.get     date: 'Thu, 02 Jul 2015 02:31:09 GMT',
74 silly registry.get     via: '1.1 varnish',
74 silly registry.get     age: '0',
74 silly registry.get     connection: 'keep-alive',
74 silly registry.get     'x-served-by': 'cache-lax1435-LAX',
74 silly registry.get     'x-cache': 'HIT',
74 silly registry.get     'x-cache-hits': '1',
74 silly registry.get     'x-timer': 'S1435804269.586864,VS0,VE189',
74 silly registry.get     vary: 'Accept' } ]
75 silly addNameRange number 2 { name: 'mongodb', range: '>=2.0.33-0 <2.1.0-0', hasData: true }
76 silly addNameRange versions [ 'mongodb',
76 silly addNameRange   [ '0.9.4',
76 silly addNameRange     '0.9.4-4',
76 silly addNameRange     '0.9.3',
76 silly addNameRange     '0.9.1',
76 silly addNameRange     '0.9.2',
76 silly addNameRange     '0.9.6-7',
76 silly addNameRange     '0.9.6-8',
76 silly addNameRange     '0.9.6-9',
76 silly addNameRange     '0.9.6-10',
76 silly addNameRange     '0.9.6-11',
76 silly addNameRange     '0.9.6-12',
76 silly addNameRange     '0.9.6-13',
76 silly addNameRange     '0.9.6-14',
76 silly addNameRange     '0.9.6-15',
76 silly addNameRange     '0.9.6-16',
76 silly addNameRange     '0.9.6-17',
76 silly addNameRange     '0.9.6-18',
76 silly addNameRange     '0.9.6-19',
76 silly addNameRange     '0.9.6-20',
76 silly addNameRange     '0.9.6-21',
76 silly addNameRange     '0.9.6-22',
76 silly addNameRange     '0.9.6-23',
76 silly addNameRange     '0.9.7',
76 silly addNameRange     '0.9.7-0',
76 silly addNameRange     '0.9.7-1',
76 silly addNameRange     '0.9.7-1.1',
76 silly addNameRange     '0.9.7-1.2',
76 silly addNameRange     '0.9.7-1.3',
76 silly addNameRange     '0.9.7-1.4',
76 silly addNameRange     '0.9.7-2',
76 silly addNameRange     '0.9.7-2-1',
76 silly addNameRange     '0.9.7-2-2',
76 silly addNameRange     '0.9.7-2-3',
76 silly addNameRange     '0.9.7-2-4',
76 silly addNameRange     '0.9.7-2-5',
76 silly addNameRange     '0.9.7-3',
76 silly addNameRange     '0.9.7-3-1',
76 silly addNameRange     '0.9.7-3-2',
76 silly addNameRange     '0.9.7-3-3',
76 silly addNameRange     '0.9.7-3-4',
76 silly addNameRange     '0.9.7-3-5',
76 silly addNameRange     '0.9.8',
76 silly addNameRange     '0.9.8-1',
76 silly addNameRange     '0.9.8-2',
76 silly addNameRange     '0.9.8-3',
76 silly addNameRange     '0.9.8-4',
76 silly addNameRange     '0.9.8-5',
76 silly addNameRange     '0.9.8-6',
76 silly addNameRange     '0.9.8-7',
76 silly addNameRange     '0.9.9',
76 silly addNameRange     '0.9.9-1',
76 silly addNameRange     '0.9.9-2',
76 silly addNameRange     '0.9.9-3',
76 silly addNameRange     '0.9.9-4',
76 silly addNameRange     '0.9.9-5',
76 silly addNameRange     '0.9.9-6',
76 silly addNameRange     '0.9.9-7',
76 silly addNameRange     '0.9.9-8',
76 silly addNameRange     '1.0.0',
76 silly addNameRange     '1.0.1',
76 silly addNameRange     '1.0.2',
76 silly addNameRange     '1.1.0-beta',
76 silly addNameRange     '1.1.0',
76 silly addNameRange     '1.1.1',
76 silly addNameRange     '1.1.2',
76 silly addNameRange     '1.1.3',
76 silly addNameRange     '1.1.4',
76 silly addNameRange     '1.1.5',
76 silly addNameRange     '1.1.6',
76 silly addNameRange     '1.1.7',
76 silly addNameRange     '1.1.8',
76 silly addNameRange     '1.1.9',
76 silly addNameRange     '1.1.10',
76 silly addNameRange     '1.1.11',
76 silly addNameRange     '1.2.0',
76 silly addNameRange     '1.2.1',
76 silly addNameRange     '1.2.2',
76 silly addNameRange     '1.2.3',
76 silly addNameRange     '1.2.4',
76 silly addNameRange     '1.2.5',
76 silly addNameRange     '1.2.6',
76 silly addNameRange     '1.2.7',
76 silly addNameRange     '1.2.8',
76 silly addNameRange     '1.2.9',
76 silly addNameRange     '1.2.10',
76 silly addNameRange     '1.2.11',
76 silly addNameRange     '1.2.12',
76 silly addNameRange     '1.2.13',
76 silly addNameRange     '1.2.14',
76 silly addNameRange     '1.3.0',
76 silly addNameRange     '1.3.1',
76 silly addNameRange     '1.3.2',
76 silly addNameRange     '1.3.3',
76 silly addNameRange     '1.3.4',
76 silly addNameRange     '1.3.5',
76 silly addNameRange     '1.3.6',
76 silly addNameRange     '1.3.7',
76 silly addNameRange     '1.3.8',
76 silly addNameRange     '1.3.9',
76 silly addNameRange     '1.3.10',
76 silly addNameRange     '1.3.11',
76 silly addNameRange     '1.3.12',
76 silly addNameRange     '1.3.14',
76 silly addNameRange     '1.3.15',
76 silly addNameRange     '1.3.17',
76 silly addNameRange     '1.3.18',
76 silly addNameRange     '1.3.19',
76 silly addNameRange     '1.4.0-rc2',
76 silly addNameRange     '1.3.20',
76 silly addNameRange     '1.4.0-rc3',
76 silly addNameRange     '1.3.21',
76 silly addNameRange     '1.3.22',
76 silly addNameRange     '1.3.23',
76 silly addNameRange     '1.4.0-rc4',
76 silly addNameRange     '1.4.0-rc5',
76 silly addNameRange     '1.4.0-rc6',
76 silly addNameRange     '1.4.0-rc7',
76 silly addNameRange     '1.4.0-rc8',
76 silly addNameRange     '1.4.0-rc9',
76 silly addNameRange     '1.4.0-rc10',
76 silly addNameRange     '1.4.0',
76 silly addNameRange     '1.4.1',
76 silly addNameRange     '1.4.2',
76 silly addNameRange     '1.4.3',
76 silly addNameRange     '1.4.4',
76 silly addNameRange     '1.4.5',
76 silly addNameRange     '1.4.6',
76 silly addNameRange     '1.4.7',
76 silly addNameRange     '1.4.8',
76 silly addNameRange     '1.4.9',
76 silly addNameRange     '1.4.10',
76 silly addNameRange     '2.0.0-alpha1',
76 silly addNameRange     '1.4.11',
76 silly addNameRange     '1.4.12',
76 silly addNameRange     '1.4.14',
76 silly addNameRange     '1.4.15',
76 silly addNameRange     '1.4.16',
76 silly addNameRange     '1.4.17',
76 silly addNameRange     '2.0.0-alpha2',
76 silly addNameRange     '1.4.18',
76 silly addNameRange     '2.0.0',
76 silly addNameRange     '2.0.1',
76 silly addNameRange     '2.0.2',
76 silly addNameRange     '1.4.19',
76 silly addNameRange     '2.0.3',
76 silly addNameRange     '2.0.4',
76 silly addNameRange     '2.0.5',
76 silly addNameRange     '2.0.6',
76 silly addNameRange     '1.4.20',
76 silly addNameRange     '1.4.22',
76 silly addNameRange     '2.0.7',
76 silly addNameRange     '2.0.8',
76 silly addNameRange     '2.0.9',
76 silly addNameRange     '1.4.23',
76 silly addNameRange     '2.0.10',
76 silly addNameRange     '1.4.24',
76 silly addNameRange     '2.0.11',
76 silly addNameRange     '1.4.25',
76 silly addNameRange     '2.0.12',
76 silly addNameRange     '1.4.26',
76 silly addNameRange     '1.4.27',
76 silly addNameRange     '1.4.28',
76 silly addNameRange     '2.0.13',
76 silly addNameRange     '2.0.14',
76 silly addNameRange     '1.4.29',
76 silly addNameRange     '2.0.15',
76 silly addNameRange     '1.4.30',
76 silly addNameRange     '2.0.16',
76 silly addNameRange     '1.4.31',
76 silly addNameRange     '2.0.17',
76 silly addNameRange     '1.4.32',
76 silly addNameRange     '2.0.18',
76 silly addNameRange     '2.0.19',
76 silly addNameRange     '1.4.33',
76 silly addNameRange     '2.0.20',
76 silly addNameRange     '2.0.21',
76 silly addNameRange     '1.4.34',
76 silly addNameRange     '2.0.22',
76 silly addNameRange     '2.0.23',
76 silly addNameRange     '1.4.35',
76 silly addNameRange     '2.0.24',
76 silly addNameRange     '2.0.25',
76 silly addNameRange     '2.0.26',
76 silly addNameRange     '2.0.27',
76 silly addNameRange     '2.0.28',
76 silly addNameRange     '2.0.29',
76 silly addNameRange     '1.4.36',
76 silly addNameRange     '2.0.30',
76 silly addNameRange     '1.4.37',
76 silly addNameRange     '2.0.31',
76 silly addNameRange     '1.4.38',
76 silly addNameRange     '2.0.32',
76 silly addNameRange     '2.0.33',
76 silly addNameRange     '2.1.0-alpha',
76 silly addNameRange     '2.0.34',
76 silly addNameRange     '2.0.35' ] ]
77 verbose addNamed [ 'mongodb', '2.0.35' ]
78 verbose addNamed [ '2.0.35', '2.0.35' ]
79 silly lockFile eb47747d-mongodb-2-0-35 mongodb@2.0.35
80 verbose lock mongodb@2.0.35 /Users/JamilAmmar/.npm/eb47747d-mongodb-2-0-35.lock
81 silly lockFile 0772ae22-s-org-mongodb-mongodb-2-0-35-tgz https://registry.npmjs.org/mongodb/-/mongodb-2.0.35.tgz
82 verbose lock https://registry.npmjs.org/mongodb/-/mongodb-2.0.35.tgz /Users/JamilAmmar/.npm/0772ae22-s-org-mongodb-mongodb-2-0-35-tgz.lock
83 verbose addRemoteTarball [ 'https://registry.npmjs.org/mongodb/-/mongodb-2.0.35.tgz',
83 verbose addRemoteTarball   '077bdbe50ac935c776f2504ca7e1d72bbdcfd37b' ]
84 info retry fetch attempt 1 at 19:31:10
85 verbose fetch to= /var/folders/y5/qyfhl6g51r126j9syd3s2pr40000gn/T/npm-75295-EUePY7fP/registry.npmjs.org/mongodb/-/mongodb-2.0.35.tgz
86 http GET https://registry.npmjs.org/mongodb/-/mongodb-2.0.35.tgz
87 http 200 https://registry.npmjs.org/mongodb/-/mongodb-2.0.35.tgz
88 silly lockFile 0772ae22-s-org-mongodb-mongodb-2-0-35-tgz https://registry.npmjs.org/mongodb/-/mongodb-2.0.35.tgz
89 silly lockFile 0772ae22-s-org-mongodb-mongodb-2-0-35-tgz https://registry.npmjs.org/mongodb/-/mongodb-2.0.35.tgz
90 silly lockFile eb47747d-mongodb-2-0-35 mongodb@2.0.35
91 silly lockFile eb47747d-mongodb-2-0-35 mongodb@2.0.35
92 silly lockFile baf2b0cf-mongodb-2-0-33 mongodb@~2.0.33
93 silly lockFile baf2b0cf-mongodb-2-0-33 mongodb@~2.0.33
94 error Error: EACCES, mkdir '/Users/JamilAmmar/.npm/mongodb/2.0.35'
94 error  { [Error: EACCES, mkdir '/Users/JamilAmmar/.npm/mongodb/2.0.35']
94 error   errno: 3,
94 error   code: 'EACCES',
94 error   path: '/Users/JamilAmmar/.npm/mongodb/2.0.35',
94 error   parent: 'MEAN-Stack' }
95 error Please try running this command again as root/Administrator.
96 error System Darwin 14.3.0
97 error command "node" "/usr/local/bin/npm" "install"
98 error cwd /Users/JamilAmmar/Desktop/MEAN-Stack
99 error node -v v0.10.33
100 error npm -v 1.4.28
101 error path /Users/JamilAmmar/.npm/mongodb/2.0.35
102 error code EACCES
103 error errno 3
104 error stack Error: EACCES, mkdir '/Users/JamilAmmar/.npm/mongodb/2.0.35'
105 verbose exit [ 3, true ]
